2020-03-31T14:00:13.034 - PrinCad begin execution
2020-03-31T14:00:13.21 - AppStyles.css does not exist
2020-03-31T14:00:22.545 - Plus Marker Pressed
2020-03-31T14:00:24.046 - Circle Tool Selected
2020-03-31T14:00:26.519 - Poly Tool Selected
2020-03-31T14:00:37.032 - Circle Tool Selected
2020-03-31T14:00:43.044 - Toggle Selection Button Pressed
2020-03-31T14:00:44.902 - Square Tool Selected
2020-03-31T14:00:47.039 - PrinCad end execution
2020-03-31T14:25:48.172 - PrinCad begin execution
2020-03-31T14:25:48.35 - AppStyles.css does not exist
2020-03-31T14:25:56.032 - PrinCad end execution
2020-03-31T14:26:50.73 - PrinCad begin execution
2020-03-31T14:26:50.903 - AppStyles.css does not exist
2020-03-31T14:26:55.699 - PrinCad end execution
2020-03-31T14:27:19.371 - PrinCad begin execution
2020-03-31T14:27:19.547 - AppStyles.css does not exist
2020-03-31T14:27:22.805 - PrinCad end execution
2020-03-31T14:36:06.128 - PrinCad begin execution
2020-03-31T14:36:06.323 - AppStyles.css does not exist
2020-03-31T14:36:08.556 - Circle Tool Selected
2020-03-31T14:36:13.021 - Circle Tool Selected
2020-03-31T14:36:15.289 - Circle Tool Selected
2020-03-31T14:36:18.145 - Handle Save As File Action
2020-03-31T14:36:28.33 - PrinCad end execution
2020-03-31T14:36:39.571 - PrinCad begin execution
2020-03-31T14:36:39.752 - AppStyles.css does not exist
2020-03-31T14:36:41.461 - Handle Open File Event
2020-03-31T14:37:22.909 - Handle Open File Event
2020-03-31T14:37:37.884 - PrinCad end execution
2020-03-31T14:37:48.616 - PrinCad begin execution
2020-03-31T14:37:48.79 - AppStyles.css does not exist
2020-03-31T14:37:50.601 - PrinCad end execution
2020-03-31T14:38:19.362 - PrinCad begin execution
2020-03-31T14:38:19.535 - AppStyles.css does not exist
2020-03-31T14:38:21.051 - Handle Open File Event
2020-03-31T14:38:25.995 -  java.lang.NullPointerException
2020-03-31T14:38:27.076 - PrinCad end execution
2020-03-31T14:38:30.582 - PrinCad begin execution
2020-03-31T14:38:30.908 - AppStyles.css does not exist
2020-03-31T14:39:10.565 - Handle Open File Event
2020-03-31T14:41:04.031 - PrinCad begin execution
2020-03-31T14:41:04.394 - AppStyles.css does not exist
2020-03-31T14:41:15.211 - Handle Open File Event
2020-03-31T14:42:56.663 - PrinCad begin execution
2020-03-31T14:42:56.839 - AppStyles.css does not exist
2020-03-31T14:42:58.185 - Handle Open File Event
2020-03-31T14:43:59.281 - PrinCad begin execution
2020-03-31T14:43:59.607 - AppStyles.css does not exist
2020-03-31T14:44:02.484 - Handle Open File Event
2020-03-31T14:45:00.157 - PrinCad begin execution
2020-03-31T14:45:00.34 - AppStyles.css does not exist
2020-03-31T14:45:01.649 - Handle Open File Event
2020-03-31T14:45:16.714 - Delete Button Pressed
2020-03-31T14:45:19.598 - Undo Button Pressed
2020-03-31T14:45:26.231 - Handle New File Event
2020-03-31T14:45:27.689 - Circle Tool Selected
2020-03-31T14:45:32.629 - Circle Tool Selected
2020-03-31T14:45:35.5 - Handle Save As File Action
2020-03-31T14:45:43.861 - PrinCad end execution
2020-03-31T14:45:47.391 - PrinCad begin execution
2020-03-31T14:45:47.577 - AppStyles.css does not exist
2020-03-31T14:45:48.903 - Handle Open File Event
2020-03-31T14:45:53.846 - Handle Open File Event
2020-03-31T14:46:02.381 - Handle New File Event
2020-03-31T14:46:04.354 - PrinCad end execution
2020-03-31T16:35:32.458 - PrinCad begin execution
2020-03-31T16:35:32.638 - AppStyles.css does not exist
2020-04-02T14:35:11.423 - PrinCad begin execution
2020-04-02T14:35:11.63 - AppStyles.css does not exist
2020-04-02T14:35:13.484 - Plus Marker Pressed
2020-04-02T14:35:17.888 - Circle Tool Selected
2020-04-02T14:35:20.093 - Plus Marker Pressed
2020-04-02T14:35:21.491 - Line Tool Used
2020-04-02T14:35:23.407 - Square Tool Selected
2020-04-02T14:35:25.634 - Plus Marker Pressed
2020-04-02T14:35:25.984 - Box Marker Selected
2020-04-02T14:35:27.531 - Poly Tool Selected
2020-04-02T14:35:33.603 - Handle Save As File Action
2020-04-02T14:35:42.315 - Handle Open File Event
2020-04-02T14:35:44.01 -  java.lang.NullPointerException
2020-04-02T14:35:45.588 - Handle New File Event
2020-04-02T14:35:46.482 - Handle Open File Event
2020-04-02T14:35:57.943 - PrinCad end execution
2020-04-02T14:36:20.021 - PrinCad begin execution
2020-04-02T14:36:20.202 - AppStyles.css does not exist
2020-04-02T14:36:21.617 - Poly Tool Selected
2020-04-02T14:36:27.65 - Handle Save File Event
2020-04-02T14:36:38.795 - PrinCad end execution
2020-04-02T14:36:41.147 - PrinCad begin execution
2020-04-02T14:36:41.339 - AppStyles.css does not exist
2020-04-02T14:36:42.256 - Handle Open File Event
2020-04-02T14:36:46.635 - PrinCad end execution
2020-04-02T14:38:12.631 - PrinCad begin execution
2020-04-02T14:38:12.815 - AppStyles.css does not exist
2020-04-02T14:38:13.938 - Handle Open File Event
2020-04-02T14:38:16.004 -  java.lang.NullPointerException
2020-04-02T14:38:16.708 - PrinCad end execution
2020-04-02T14:38:19.261 - PrinCad begin execution
2020-04-02T14:38:19.604 - AppStyles.css does not exist
2020-04-02T14:38:21.014 - Handle Open File Event
2020-04-02T14:39:05.037 - PrinCad begin execution
2020-04-02T14:39:05.22 - AppStyles.css does not exist
2020-04-02T14:39:07.173 - Handle Open File Event
2020-04-02T14:39:14.826 - PrinCad end execution
2020-04-02T14:39:23.758 - PrinCad begin execution
2020-04-02T14:39:23.936 - AppStyles.css does not exist
2020-04-02T14:39:25.101 - Handle Open File Event
2020-04-02T14:39:30.713 - PrinCad end execution
2020-04-07T13:50:01.603 - PrinCad begin execution
2020-04-07T13:50:01.83 - AppStyles.css does not exist
2020-04-07T13:50:06.602 - Line Tool Used
2020-04-07T13:50:48.74 - PrinCad end execution
2020-04-07T13:58:38.824 - PrinCad begin execution
2020-04-07T13:58:39.011 - AppStyles.css does not exist
2020-04-07T13:58:53.566 - PrinCad end execution
2020-04-09T13:43:27.892 - PrinCad begin execution
2020-04-09T13:43:28.131 - AppStyles.css does not exist
2020-04-09T13:43:30.345 - Circle Tool Selected
2020-04-09T13:43:32.769 - Box Marker Selected
2020-04-09T13:43:34.975 - Toggle Selection Button Pressed
2020-04-09T13:43:36.681 - Toggle Selection Button Pressed
2020-04-09T13:43:45.977 - PrinCad end execution
2020-04-09T13:44:58.268 - PrinCad begin execution
2020-04-09T13:44:58.474 - AppStyles.css does not exist
2020-04-09T13:45:00.134 - PrinCad end execution
2020-04-09T13:48:40.48 - PrinCad begin execution
2020-04-09T13:48:40.665 - AppStyles.css does not exist
2020-04-09T13:48:43.979 - Circle Tool Selected
2020-04-09T13:48:46.407 - Toggle Selection Button Pressed
2020-04-09T13:48:48.227 - Toggle Selection Button Pressed
2020-04-09T13:48:59.652 - PrinCad end execution
2020-04-09T13:50:35.781 - PrinCad begin execution
2020-04-09T13:50:35.974 - AppStyles.css does not exist
2020-04-09T13:50:43.699 - Circle Tool Selected
2020-04-09T13:50:49.927 - Toggle Selection Button Pressed
2020-04-09T13:50:50.335 - Toggle Selection Button Pressed
2020-04-09T13:50:55.518 - PrinCad end execution
2020-04-09T13:57:38.653 - PrinCad begin execution
2020-04-09T13:57:38.85 - AppStyles.css does not exist
2020-04-09T13:57:40.153 - Circle Tool Selected
2020-04-09T13:57:42.505 - Toggle Selection Button Pressed
2020-04-09T13:57:42.981 - Toggle Selection Button Pressed
2020-04-09T13:57:48.572 - PrinCad end execution
2020-04-09T14:18:20.967 - PrinCad begin execution
2020-04-09T14:18:21.201 - AppStyles.css does not exist
2020-04-09T14:18:22.513 - Circle Tool Selected
2020-04-09T14:18:24.653 - Toggle Selection Button Pressed
2020-04-09T14:18:24.85 - Toggle Selection Button Pressed
2020-04-09T14:18:34.201 - PrinCad end execution
2020-04-09T14:19:29.062 - PrinCad begin execution
2020-04-09T14:19:29.249 - AppStyles.css does not exist
2020-04-09T14:19:30.413 - Circle Tool Selected
2020-04-09T14:19:32.695 - Toggle Selection Button Pressed
2020-04-09T14:19:32.839 - Toggle Selection Button Pressed
2020-04-09T14:19:37.957 - PrinCad end execution
2020-04-09T14:23:30.418 - PrinCad begin execution
2020-04-09T14:23:30.606 - AppStyles.css does not exist
2020-04-09T14:23:32.119 - Line Tool Used
2020-04-09T14:23:33.515 - Line Tool Used
2020-04-09T14:23:35.337 - Toggle Selection Button Pressed
2020-04-09T14:23:35.491 - Toggle Selection Button Pressed
2020-04-09T14:23:39.099 - PrinCad end execution
2020-04-09T14:27:04.773 - PrinCad begin execution
2020-04-09T14:27:04.954 - AppStyles.css does not exist
2020-04-09T14:27:06.87 - Square Tool Selected
2020-04-09T14:27:11.235 - PrinCad end execution
2020-04-09T14:42:08.627 - PrinCad begin execution
2020-04-09T14:42:08.808 - AppStyles.css does not exist
2020-04-09T14:42:10.044 - Poly Tool Selected
2020-04-09T14:42:25.845 - Poly Tool Selected
2020-04-09T14:42:33.356 - Square Tool Selected
2020-04-09T14:42:33.858 - Poly Tool Selected
2020-04-09T14:42:34.622 - Toggle Selection Button Pressed
2020-04-09T14:42:34.782 - Toggle Selection Button Pressed
2020-04-09T14:42:55.236 - PrinCad end execution
2020-04-09T14:43:05.149 - PrinCad begin execution
2020-04-09T14:43:05.338 - AppStyles.css does not exist
2020-04-09T14:43:06.528 - Poly Tool Selected
2020-04-09T14:43:17.587 - PrinCad end execution
2020-04-09T15:55:30.808 - PrinCad begin execution
2020-04-09T15:55:30.986 - AppStyles.css does not exist
2020-04-09T15:55:32.546 - Poly Tool Selected
2020-04-09T15:55:38.9 - PrinCad end execution
2020-04-09T16:17:16.321 - PrinCad begin execution
2020-04-09T16:17:16.508 - AppStyles.css does not exist
2020-04-09T16:17:18.562 - Poly Tool Selected
2020-04-09T16:17:22.59 - Toggle Selection Button Pressed
2020-04-09T16:17:34.914 - Toggle Selection Button Pressed
2020-04-09T16:17:38.434 - Toggle Selection Button Pressed
2020-04-09T16:18:49.704 - PrinCad begin execution
2020-04-09T16:18:49.916 - AppStyles.css does not exist
2020-04-09T16:18:51.647 - Poly Tool Selected
2020-04-09T16:18:55.004 - Toggle Selection Button Pressed
2020-04-09T16:19:04.847 - PrinCad end execution
2020-04-09T16:22:17.8 - PrinCad begin execution
2020-04-09T16:22:17.985 - AppStyles.css does not exist
2020-04-09T16:22:19.552 - Poly Tool Selected
2020-04-09T16:22:23.05 - Toggle Selection Button Pressed
2020-04-09T16:22:43.593 - PrinCad end execution
2020-04-09T19:34:42.659 - PrinCad end execution
2020-04-09T20:27:04.162 - PrinCad begin execution
2020-04-09T20:27:04.389 - AppStyles.css does not exist
2020-04-09T20:27:07.753 - Circle Tool Selected
2020-04-09T20:27:22.153 - PrinCad end execution
2020-04-09T20:37:32.124 - PrinCad begin execution
2020-04-09T20:37:32.31 - AppStyles.css does not exist
2020-04-09T20:37:41.014 - Circle Tool Selected
2020-04-09T20:37:53.107 - PrinCad end execution
2020-04-12T17:24:58.047 - PrinCad begin execution
2020-04-12T17:24:58.301 - AppStyles.css does not exist
2020-04-12T17:24:59.916 - Circle Tool Selected
2020-04-12T17:25:04.988 - Toggle Selection Button Pressed
2020-04-12T17:25:21.462 - PrinCad end execution
2020-04-12T23:18:10.213 - PrinCad begin execution
2020-04-12T23:18:10.429 - AppStyles.css does not exist
2020-04-12T23:18:12.811 - Circle Tool Selected
2020-04-12T23:18:14.789 - Toggle Selection Button Pressed
2020-04-12T23:18:17.752 - Delete Button Pressed
2020-04-12T23:18:21.274 - Delete Button Pressed
2020-04-12T23:18:25.194 - Delete Button Pressed
2020-04-12T23:18:25.569 - Delete Button Pressed
2020-04-12T23:18:25.724 - Delete Button Pressed
2020-04-12T23:18:25.883 - Delete Button Pressed
2020-04-12T23:18:26.912 - PrinCad end execution
2020-04-12T23:38:03.673 - PrinCad begin execution
2020-04-12T23:38:04.225 - AppStyles.css does not exist
2020-04-12T23:38:09.041 - Circle Tool Selected
2020-04-12T23:38:11.905 - Toggle Selection Button Pressed
2020-04-12T23:38:27.531 - Delete Button Pressed
2020-04-12T23:38:36.725 - PrinCad begin execution
2020-04-12T23:38:37.083 - AppStyles.css does not exist
2020-04-12T23:38:39.007 - Circle Tool Selected
2020-04-12T23:38:43.441 - Toggle Selection Button Pressed
2020-04-12T23:40:42.235 - PrinCad begin execution
2020-04-12T23:40:42.405 - AppStyles.css does not exist
2020-04-12T23:40:44.217 - Circle Tool Selected
2020-04-12T23:40:46.151 - Toggle Selection Button Pressed
2020-04-12T23:40:48.815 - Delete Button Pressed
2020-04-12T23:40:53.031 - Delete Button Pressed
2020-04-12T23:40:53.954 - PrinCad end execution
2020-04-12T23:42:18.417 - PrinCad begin execution
2020-04-12T23:42:18.704 - AppStyles.css does not exist
2020-04-12T23:42:20.359 - Circle Tool Selected
2020-04-12T23:42:22.06 - Toggle Selection Button Pressed
2020-04-12T23:51:03.305 - PrinCad begin execution
2020-04-12T23:51:03.476 - AppStyles.css does not exist
2020-04-12T23:51:04.566 - Square Tool Selected
2020-04-12T23:51:05.119 - Circle Tool Selected
2020-04-12T23:51:06.454 - Toggle Selection Button Pressed
2020-04-12T23:51:08.605 - Delete Button Pressed
2020-04-12T23:51:12.458 - Circle Tool Selected
2020-04-12T23:51:17.572 - Square Tool Selected
2020-04-12T23:51:19.823 - Toggle Selection Button Pressed
2020-04-12T23:51:22.951 - Toggle Selection Button Pressed
2020-04-12T23:51:27.75 - Delete Button Pressed
2020-04-12T23:51:29.025 - Delete Button Pressed
2020-04-12T23:51:32.388 - Square Tool Selected
2020-04-12T23:51:34.025 - Delete Button Pressed
2020-04-12T23:51:36.135 - Delete Button Pressed
2020-04-12T23:51:36.752 - Delete Button Pressed
2020-04-12T23:51:37.527 - Delete Button Pressed
2020-04-12T23:51:37.705 - Delete Button Pressed
2020-04-12T23:51:37.859 - Delete Button Pressed
2020-04-12T23:51:38.019 - Delete Button Pressed
2020-04-12T23:51:38.193 - Delete Button Pressed
2020-04-12T23:51:38.341 - Delete Button Pressed
2020-04-12T23:51:41.581 - PrinCad end execution
2020-04-12T23:52:07.773 - PrinCad begin execution
2020-04-12T23:52:07.947 - AppStyles.css does not exist
2020-04-12T23:53:00.402 - Line Tool Used
2020-04-12T23:53:00.7 - Line Tool Used
2020-04-12T23:53:02.959 - Toggle Selection Button Pressed
2020-04-12T23:53:06.054 - Delete Button Pressed
2020-04-12T23:53:08.285 - Circle Tool Selected
2020-04-12T23:53:09.522 - Line Tool Used
2020-04-12T23:53:12.144 - Toggle Selection Button Pressed
2020-04-12T23:53:14.289 - Toggle Selection Button Pressed
2020-04-12T23:53:16.578 - Delete Button Pressed
2020-04-12T23:53:18.409 - Delete Button Pressed
2020-04-12T23:53:19.685 - Delete Button Pressed
2020-04-12T23:53:20.086 - Delete Button Pressed
2020-04-12T23:53:20.268 - Delete Button Pressed
2020-04-12T23:53:20.443 - Delete Button Pressed
2020-04-12T23:53:20.659 - Delete Button Pressed
2020-04-12T23:53:21.099 - Delete Button Pressed
2020-04-12T23:53:21.555 - Delete Button Pressed
2020-04-12T23:53:22.618 - Line Tool Used
2020-04-12T23:53:24.398 - Delete Button Pressed
2020-04-12T23:53:26.333 - Delete Button Pressed
2020-04-12T23:53:28.313 - Circle Tool Selected
2020-04-12T23:53:29.654 - Delete Button Pressed
2020-04-12T23:54:55.44 - PrinCad end execution
2020-04-14T13:38:43.482 - PrinCad begin execution
2020-04-14T13:38:43.748 - AppStyles.css does not exist
2020-04-14T13:38:47.822 - Toggle Selection Button Pressed
2020-04-14T13:38:57.668 - PrinCad end execution
2020-04-14T13:39:11.852 - PrinCad begin execution
2020-04-14T13:39:12.052 - AppStyles.css does not exist
2020-04-14T13:39:13.845 - Toggle Selection Button Pressed
2020-04-14T13:39:15.833 - PrinCad end execution
2020-04-14T13:40:07.413 - PrinCad begin execution
2020-04-14T13:40:07.603 - AppStyles.css does not exist
2020-04-14T13:40:10.653 - Toggle Selection Button Pressed
2020-04-14T13:40:16.626 - Circle Tool Selected
2020-04-14T13:40:20.971 - Delete Button Pressed
2020-04-14T13:40:22.531 - Circle Tool Selected
2020-04-14T13:40:24.011 - Delete Button Pressed
2020-04-14T13:40:24.992 - Circle Tool Selected
2020-04-14T13:40:26.425 - Delete Button Pressed
2020-04-14T13:40:27.379 - Toggle Selection Button Pressed
2020-04-14T13:40:29.77 - Toggle Selection Button Pressed
2020-04-14T13:40:47.697 - Toggle Selection Button Pressed
2020-04-14T13:40:54.811 - Delete Button Pressed
2020-04-14T13:40:55.277 - Delete Button Pressed
2020-04-14T13:40:55.442 - Delete Button Pressed
2020-04-14T13:40:58.631 - Delete Button Pressed
2020-04-14T13:40:59.557 - Delete Button Pressed
2020-04-14T13:41:00.397 - Delete Button Pressed
2020-04-14T13:41:00.572 - Delete Button Pressed
2020-04-14T13:41:00.752 - Delete Button Pressed
2020-04-14T13:41:00.933 - Delete Button Pressed
2020-04-14T13:41:01.103 - Delete Button Pressed
2020-04-14T13:41:01.273 - Delete Button Pressed
2020-04-14T13:41:01.436 - Delete Button Pressed
2020-04-14T13:41:01.633 - Delete Button Pressed
2020-04-14T13:41:01.804 - Delete Button Pressed
2020-04-14T13:41:01.994 - Delete Button Pressed
2020-04-14T13:41:02.169 - Delete Button Pressed
2020-04-14T13:41:02.323 - Delete Button Pressed
2020-04-14T13:41:02.562 - Delete Button Pressed
2020-04-14T13:41:06.029 - PrinCad end execution
2020-04-14T13:41:17.405 - PrinCad begin execution
2020-04-14T13:41:17.596 - AppStyles.css does not exist
2020-04-14T13:41:19.414 - Poly Tool Selected
2020-04-14T13:41:24.341 - Toggle Selection Button Pressed
2020-04-14T13:41:26.326 - Delete Button Pressed
2020-04-14T13:41:27.403 - Poly Tool Selected
2020-04-14T13:41:34.88 - Square Tool Selected
2020-04-14T13:41:36.919 - Toggle Selection Button Pressed
2020-04-14T13:41:37.363 - Toggle Selection Button Pressed
2020-04-14T13:41:40.181 - Delete Button Pressed
2020-04-14T13:41:59.177 - Circle Tool Selected
2020-04-14T13:42:00.878 - Delete Button Pressed
2020-04-14T13:42:01.783 - Toggle Selection Button Pressed
2020-04-14T13:42:03.254 - Toggle Selection Button Pressed
2020-04-14T13:42:08.568 - Delete Button Pressed
2020-04-14T13:42:10.195 - Delete Button Pressed
2020-04-14T13:42:14.047 - Delete Button Pressed
2020-04-14T13:42:14.265 - Delete Button Pressed
2020-04-14T13:42:14.463 - Delete Button Pressed
2020-04-14T13:42:14.647 - Delete Button Pressed
2020-04-14T13:42:14.819 - Delete Button Pressed
2020-04-14T13:42:15.475 - PrinCad end execution
2020-04-14T13:48:41.43 - PrinCad begin execution
2020-04-14T13:48:41.606 - AppStyles.css does not exist
2020-04-14T13:48:49.231 - Circle Tool Selected
2020-04-14T13:48:50.827 - Circle Tool Selected
2020-04-14T13:48:52.278 - Square Tool Selected
2020-04-14T13:48:54.34 - Toggle Selection Button Pressed
2020-04-14T13:49:03.064 - Delete Button Pressed
2020-04-14T13:49:04.344 - Toggle Selection Button Pressed
2020-04-14T13:49:05.174 - Delete Button Pressed
2020-04-14T13:49:05.43 - Delete Button Pressed
2020-04-14T13:49:05.877 - Delete Button Pressed
2020-04-14T13:49:06.124 - Delete Button Pressed
2020-04-14T13:49:06.624 - Delete Button Pressed
2020-04-14T13:49:07.131 - Delete Button Pressed
2020-04-14T13:49:09.655 - PrinCad end execution
2020-04-14T13:53:22.752 - PrinCad begin execution
2020-04-14T13:53:22.946 - AppStyles.css does not exist
2020-04-14T13:53:25.075 - Square Tool Selected
2020-04-14T13:53:26.754 - Toggle Selection Button Pressed
2020-04-14T13:53:42.306 - Delete Button Pressed
2020-04-14T13:53:44.432 - Square Tool Selected
2020-04-14T13:53:46.122 - Toggle Selection Button Pressed
2020-04-14T13:53:48.816 - Toggle Selection Button Pressed
2020-04-14T13:54:27.12 - Delete Button Pressed
2020-04-14T13:54:28.33 - Square Tool Selected
2020-04-14T13:54:36.898 - Toggle Selection Button Pressed
2020-04-14T13:55:08.809 - PrinCad end execution
2020-04-14T13:55:13.731 - PrinCad begin execution
2020-04-14T13:55:13.914 - AppStyles.css does not exist
2020-04-14T13:55:15.604 - Square Tool Selected
2020-04-14T13:55:19.118 - Delete Button Pressed
2020-04-14T13:55:21.734 - Toggle Selection Button Pressed
2020-04-14T13:55:25.488 - Delete Button Pressed
2020-04-14T13:55:26.61 - Delete Button Pressed
2020-04-14T13:55:27.16 - Delete Button Pressed
2020-04-14T13:55:28.893 - Delete Button Pressed
2020-04-14T13:55:31.421 - PrinCad end execution
2020-04-14T13:55:36.63 - PrinCad begin execution
2020-04-14T13:55:36.844 - AppStyles.css does not exist
2020-04-14T13:55:39.067 - Square Tool Selected
2020-04-14T13:55:41.264 - Toggle Selection Button Pressed
2020-04-14T13:56:19.405 - PrinCad end execution
2020-04-14T13:56:23.395 - PrinCad begin execution
2020-04-14T13:56:23.634 - AppStyles.css does not exist
2020-04-14T13:56:25.38 - Square Tool Selected
2020-04-14T13:56:28.835 - PrinCad end execution
2020-04-14T13:59:49.17 - PrinCad begin execution
2020-04-14T13:59:49.384 - AppStyles.css does not exist
2020-04-14T13:59:50.924 - Square Tool Selected
2020-04-14T13:59:54.284 - Toggle Selection Button Pressed
2020-04-14T14:00:10.526 - Toggle Selection Button Pressed
2020-04-14T14:00:12.694 - Toggle Selection Button Pressed
2020-04-14T14:00:26.322 - Square Tool Selected
2020-04-14T14:00:27.834 - Delete Button Pressed
2020-04-14T14:00:30.054 - Square Tool Selected
2020-04-14T14:00:31.49 - Delete Button Pressed
2020-04-14T14:00:32.454 - Delete Button Pressed
2020-04-14T14:00:32.8 - Delete Button Pressed
2020-04-14T14:00:33.263 - Delete Button Pressed
2020-04-14T14:00:33.624 - Delete Button Pressed
2020-04-14T14:00:33.822 - Delete Button Pressed
2020-04-14T14:00:34.975 - PrinCad end execution
2020-04-14T14:01:13.236 - PrinCad begin execution
2020-04-14T14:01:13.422 - AppStyles.css does not exist
2020-04-14T14:01:15.492 - Circle Tool Selected
2020-04-14T14:01:17.578 - Toggle Selection Button Pressed
2020-04-14T14:01:19.644 - Square Tool Selected
2020-04-14T14:01:20.701 - Delete Button Pressed
2020-04-14T14:01:22.38 - Toggle Selection Button Pressed
2020-04-14T14:01:23.683 - Toggle Selection Button Pressed
2020-04-14T14:02:49.598 - PrinCad end execution
2020-04-14T14:07:27.869 - PrinCad begin execution
2020-04-14T14:07:28.064 - AppStyles.css does not exist
2020-04-14T14:07:30.064 - Square Tool Selected
2020-04-14T14:07:34.589 - Toggle Selection Button Pressed
2020-04-14T14:11:50.24 - Line Tool Used
2020-04-14T14:11:52.122 - Toggle Selection Button Pressed
2020-04-14T14:11:54.032 - Toggle Selection Button Pressed
2020-04-14T14:12:53.321 - Delete Button Pressed
2020-04-14T14:12:53.554 - Delete Button Pressed
2020-04-14T14:12:55.702 - Delete Button Pressed
2020-04-14T14:12:55.86 - Delete Button Pressed
2020-04-14T14:12:56.056 - Delete Button Pressed
2020-04-14T14:12:57.792 - Square Tool Selected
2020-04-14T14:12:59.924 - Toggle Selection Button Pressed
2020-04-14T14:13:01.966 - Toggle Selection Button Pressed
2020-04-14T14:13:41.296 - PrinCad end execution
2020-04-14T14:15:52.31 - PrinCad begin execution
2020-04-14T14:15:52.498 - AppStyles.css does not exist
2020-04-14T14:15:54.944 - Crisscross Marker Pressed
2020-04-14T14:15:55.3 - Box Marker Selected
2020-04-14T14:15:57.495 - Toggle Selection Button Pressed
2020-04-14T14:16:02.192 - Box Marker Selected
2020-04-14T14:16:03.66 - Toggle Selection Button Pressed
2020-04-14T14:16:15.339 - Box Marker Selected
2020-04-14T14:16:17.394 - Line Tool Used
2020-04-14T14:16:18.135 - Box Marker Selected
2020-04-14T14:16:19.162 - Box Marker Selected
2020-04-14T14:18:05.13 - PrinCad begin execution
2020-04-14T14:18:05.322 - AppStyles.css does not exist
2020-04-14T14:18:06.838 - Box Marker Selected
2020-04-14T14:18:11.268 - Toggle Selection Button Pressed
2020-04-14T14:18:14.47 - Box Marker Selected
2020-04-14T14:18:17.325 - Circle Tool Selected
2020-04-14T14:18:19.556 - PrinCad end execution
2020-04-14T14:19:13.478 - Toggle Selection Button Pressed
2020-04-14T14:20:25.971 - PrinCad end execution
2020-04-14T15:15:48.595 - PrinCad begin execution
2020-04-14T15:15:48.79 - AppStyles.css does not exist
2020-04-14T15:15:50.546 - Circle Tool Selected
2020-04-14T15:15:52.351 - Undo Button Pressed
2020-04-14T15:16:30.315 - PrinCad end execution
2020-04-14T15:18:56.089 - PrinCad begin execution
2020-04-14T15:18:56.273 - AppStyles.css does not exist
2020-04-14T15:18:57.68 - Circle Tool Selected
2020-04-14T15:18:59.404 - Undo Button Pressed
2020-04-14T15:19:01.89 - Square Tool Selected
2020-04-14T15:19:05.347 - Line Tool Used
2020-04-14T15:19:06.94 - Circle Tool Selected
2020-04-14T15:19:08.934 - Undo Button Pressed
2020-04-14T15:19:09.476 - Undo Button Pressed
2020-04-14T15:19:10.018 - Undo Button Pressed
2020-04-14T15:19:11.646 - PrinCad end execution
2020-04-14T15:45:44.021 - PrinCad begin execution
2020-04-14T15:45:44.214 - AppStyles.css does not exist
2020-04-14T15:45:45.513 - Circle Tool Selected
2020-04-14T15:45:48.857 - Line Tool Used
2020-04-14T15:45:50.759 - Circle Tool Selected
2020-04-14T15:45:55.053 - Square Tool Selected
2020-04-14T15:45:57.861 - Undo Button Pressed
2020-04-14T15:45:58.635 - Redo Button Pressed
2020-04-14T15:45:59.614 - Undo Button Pressed
2020-04-14T15:46:00.079 - Undo Button Pressed
2020-04-14T15:46:00.743 - Redo Button Pressed
2020-04-14T15:46:01.333 - Redo Button Pressed
2020-04-14T15:46:02.367 - Undo Button Pressed
2020-04-14T15:46:02.617 - Undo Button Pressed
2020-04-14T15:46:02.846 - Undo Button Pressed
2020-04-14T15:46:03.191 - Undo Button Pressed
2020-04-14T15:46:03.774 - Redo Button Pressed
2020-04-14T15:46:03.969 - Redo Button Pressed
2020-04-14T15:46:04.174 - Redo Button Pressed
2020-04-14T15:46:04.381 - Redo Button Pressed
2020-04-14T15:46:06.878 - PrinCad end execution
2020-04-14T15:46:12.223 - PrinCad begin execution
2020-04-14T15:46:12.404 - AppStyles.css does not exist
2020-04-14T15:46:15.946 - Line Tool Used
2020-04-14T15:46:17.307 - Circle Tool Selected
2020-04-14T15:46:19.313 - Line Tool Used
2020-04-14T15:46:21.187 - Square Tool Selected
2020-04-14T15:46:23.791 - Redo Button Pressed
2020-04-14T15:46:25.805 - Undo Button Pressed
2020-04-14T15:46:26.984 - Redo Button Pressed
2020-04-14T15:46:27.4 - Redo Button Pressed
2020-04-14T15:46:28.887 - PrinCad end execution
2020-04-14T15:48:42.437 - PrinCad begin execution
2020-04-14T15:48:42.627 - AppStyles.css does not exist
2020-04-14T15:48:44.085 - Circle Tool Selected
2020-04-14T15:48:47.155 - Line Tool Used
2020-04-14T15:48:49.083 - Toggle Selection Button Pressed
2020-04-14T15:48:51.324 - Delete Button Pressed
2020-04-14T15:48:52.497 - Redo Button Pressed
2020-04-14T15:49:03.345 - PrinCad end execution
2020-04-16T15:19:30.884 - PrinCad begin execution
2020-04-16T15:19:31.119 - AppStyles.css does not exist
2020-04-16T15:19:32.815 - Circle Tool Selected
2020-04-16T15:19:34.221 - Square Tool Selected
2020-04-16T15:19:36.135 - Poly Tool Selected
2020-04-16T15:19:39.199 - Undo Button Pressed
2020-04-16T15:19:39.688 - Undo Button Pressed
2020-04-16T15:19:40.434 - Redo Button Pressed
2020-04-16T15:19:40.878 - Redo Button Pressed
2020-04-16T15:19:41.343 - Redo Button Pressed
2020-04-16T15:19:41.817 - Undo Button Pressed
2020-04-16T15:19:42.007 - Undo Button Pressed
2020-04-16T15:19:42.207 - Undo Button Pressed
2020-04-16T15:19:42.846 - Redo Button Pressed
2020-04-16T15:19:43.732 - Undo Button Pressed
2020-04-16T15:19:44.295 - Undo Button Pressed
2020-04-16T15:19:44.703 - Undo Button Pressed
2020-04-16T15:19:45.052 - Undo Button Pressed
2020-04-16T15:19:45.323 - Undo Button Pressed
2020-04-16T15:19:45.731 - Redo Button Pressed
2020-04-16T15:19:46.135 - Undo Button Pressed
2020-04-16T15:19:46.324 - Undo Button Pressed
2020-04-16T15:19:46.503 - Undo Button Pressed
2020-04-16T15:19:46.673 - Undo Button Pressed
2020-04-16T15:19:46.855 - Undo Button Pressed
2020-04-16T15:19:49.915 - PrinCad end execution
2020-04-16T15:19:55.181 - PrinCad begin execution
2020-04-16T15:19:55.375 - AppStyles.css does not exist
2020-04-16T15:19:57.364 - Circle Tool Selected
2020-04-16T15:19:58.836 - Line Tool Used
2020-04-16T15:20:01.641 - Square Tool Selected
2020-04-16T15:20:03.171 - Undo Button Pressed
2020-04-16T15:20:03.917 - Redo Button Pressed
2020-04-16T15:20:04.768 - Undo Button Pressed
2020-04-16T15:20:07.28 - Redo Button Pressed
2020-04-16T15:20:08.161 - Undo Button Pressed
2020-04-16T15:20:08.891 - Redo Button Pressed
2020-04-16T15:20:09.55 - Redo Button Pressed
2020-04-16T15:20:09.999 - Undo Button Pressed
2020-04-16T15:20:33.108 - PrinCad end execution
2020-04-16T15:23:11.441 - PrinCad begin execution
2020-04-16T15:23:11.619 - AppStyles.css does not exist
2020-04-16T15:23:20.409 - Line Tool Used
2020-04-16T15:23:21.834 - Circle Tool Selected
2020-04-16T15:23:23.335 - Square Tool Selected
2020-04-16T15:23:24.853 - Line Tool Used
2020-04-16T15:23:26.591 - Undo Button Pressed
2020-04-16T15:23:27.827 - Redo Button Pressed
2020-04-16T15:23:29.235 - Undo Button Pressed
2020-04-16T15:23:34.256 - PrinCad end execution
2020-04-16T15:24:06.811 - PrinCad begin execution
2020-04-16T15:24:07.045 - AppStyles.css does not exist
2020-04-16T15:24:13.363 - Line Tool Used
2020-04-16T15:24:14.791 - Circle Tool Selected
2020-04-16T15:24:15.828 - Square Tool Selected
2020-04-16T15:24:17.616 - Circle Tool Selected
2020-04-16T15:24:19.919 - Undo Button Pressed
2020-04-16T15:24:21.955 - Redo Button Pressed
2020-04-16T15:24:24.553 - Undo Button Pressed
2020-04-16T15:24:28.129 - Redo Button Pressed
2020-04-16T15:24:29.292 - Undo Button Pressed
2020-04-16T15:24:48.304 - PrinCad end execution
2020-04-16T15:24:52.042 - PrinCad begin execution
2020-04-16T15:24:52.266 - AppStyles.css does not exist
2020-04-16T15:24:55.081 - Box Marker Selected
2020-04-16T15:24:56.588 - Line Tool Used
2020-04-16T15:24:58.124 - Square Tool Selected
2020-04-16T15:24:59.779 - Circle Tool Selected
2020-04-16T15:25:01.437 - Square Tool Selected
2020-04-16T15:25:02.827 - Line Tool Used
2020-04-16T15:25:06.9 - Undo Button Pressed
2020-04-16T15:25:11.565 - Undo Button Pressed
2020-04-16T15:25:16.198 - Redo Button Pressed
2020-04-16T15:25:22.029 - Redo Button Pressed
2020-04-16T15:25:23.257 - Undo Button Pressed
2020-04-16T15:25:25.801 - Redo Button Pressed
2020-04-16T15:25:28.03 - Undo Button Pressed
2020-04-16T15:25:29.315 - PrinCad end execution
2020-04-16T15:29:08.25 - PrinCad begin execution
2020-04-16T15:29:08.476 - AppStyles.css does not exist
2020-04-16T15:29:11.407 - Circle Tool Selected
2020-04-16T15:29:14.14 - Circle Tool Selected
2020-04-16T15:29:14.481 - Line Tool Used
2020-04-16T15:29:15.871 - Square Tool Selected
2020-04-16T15:29:19.749 - Circle Tool Selected
2020-04-16T15:29:21.807 - Undo Button Pressed
2020-04-16T15:29:22.32 - Redo Button Pressed
2020-04-16T15:29:22.992 - Undo Button Pressed
2020-04-16T15:29:23.73 - Redo Button Pressed
2020-04-16T15:29:24.175 - Undo Button Pressed
2020-04-16T15:29:24.401 - Undo Button Pressed
2020-04-16T15:29:25.215 - Redo Button Pressed
2020-04-16T15:29:25.442 - Redo Button Pressed
2020-04-16T15:29:32.28 - Undo Button Pressed
2020-04-16T15:29:32.453 - Undo Button Pressed
2020-04-16T15:29:32.606 - Undo Button Pressed
2020-04-16T15:29:32.782 - Undo Button Pressed
2020-04-16T15:29:34.712 - Square Tool Selected
2020-04-16T15:29:38.131 - Toggle Selection Button Pressed
2020-04-16T15:30:07.72 - PrinCad end execution
2020-04-16T15:47:35.702 - PrinCad begin execution
2020-04-16T15:47:35.875 - AppStyles.css does not exist
2020-04-16T15:47:45.022 - PrinCad end execution
2020-04-16T15:48:24.311 - PrinCad begin execution
2020-04-16T15:48:24.493 - AppStyles.css does not exist
2020-04-16T15:49:05.347 - PrinCad end execution
2020-04-16T15:49:09.541 - PrinCad begin execution
2020-04-16T15:49:09.72 - AppStyles.css does not exist
2020-04-16T15:49:42.918 - PrinCad end execution
2020-04-16T15:51:04.26 - PrinCad begin execution
2020-04-16T15:51:04.439 - AppStyles.css does not exist
2020-04-16T15:51:14.591 - PrinCad end execution
2020-04-21T15:01:10.143 - PrinCad begin execution
2020-04-21T15:01:10.387 - AppStyles.css does not exist
2020-04-21T15:01:12.01 - 3d View Button Pressed
2020-04-21T15:01:13.26 - PrinCad end execution
2020-04-21T15:01:19.937 - PrinCad begin execution
2020-04-21T15:01:20.132 - AppStyles.css does not exist
2020-04-21T15:01:30.907 - PrinCad end execution
2020-04-21T15:43:52.595 - PrinCad begin execution
2020-04-21T15:43:52.78 - AppStyles.css does not exist
2020-04-21T15:43:53.912 - Circle Tool Selected
2020-04-21T15:43:57.134 - Square Tool Selected
2020-04-21T15:43:58.918 - Line Tool Used
2020-04-21T15:44:00.506 - 3d View Button Pressed
2020-04-21T15:44:18.595 - PrinCad end execution
2020-04-21T15:44:48.152 - PrinCad begin execution
2020-04-21T15:44:48.334 - AppStyles.css does not exist
2020-04-21T15:44:49.97 - Box Marker Selected
2020-04-21T15:44:51.137 - Line Tool Used
2020-04-21T15:44:53.365 - Box Marker Selected
2020-04-21T15:44:56.192 - Square Tool Selected
2020-04-21T15:44:57.963 - PrinCad end execution
2020-04-21T15:48:32.292 - PrinCad begin execution
2020-04-21T15:48:32.479 - AppStyles.css does not exist
2020-04-21T15:48:34.397 - Box Marker Selected
2020-04-21T15:48:35.609 - Plus Marker Pressed
2020-04-21T15:48:37.286 - Square Tool Selected
2020-04-21T15:48:38.525 - Plus Marker Pressed
2020-04-21T15:48:39.92 - Box Marker Selected
2020-04-21T15:48:41.25 - 3d View Button Pressed
2020-04-21T15:48:50.877 - Square Tool Selected
2020-04-21T15:48:52.739 - 3d View Button Pressed
2020-04-21T15:49:12.415 - Line Tool Used
2020-04-21T15:49:13.852 - 3d View Button Pressed
2020-04-21T15:49:19.158 - Circle Tool Selected
2020-04-21T15:49:20.557 - 3d View Button Pressed
2020-04-21T15:49:27.406 - PrinCad end execution
2020-04-21T15:50:38.278 - PrinCad begin execution
2020-04-21T15:50:38.503 - AppStyles.css does not exist
2020-04-21T15:50:51.446 - Square Tool Selected
2020-04-21T15:50:53.979 - 3d View Button Pressed
2020-04-21T15:51:08.759 - PrinCad end execution
2020-04-21T15:51:42.45 - PrinCad begin execution
2020-04-21T15:51:42.645 - AppStyles.css does not exist
2020-04-21T15:51:43.781 - Square Tool Selected
2020-04-21T15:51:45.265 - 3d View Button Pressed
2020-04-21T15:51:51.002 - PrinCad end execution
2020-04-21T15:51:54.249 - PrinCad begin execution
2020-04-21T15:51:54.45 - AppStyles.css does not exist
2020-04-21T15:51:55.429 - Plus Marker Pressed
2020-04-21T15:51:56.803 - Box Marker Selected
2020-04-21T15:51:58.547 - Square Tool Selected
2020-04-21T15:52:04.598 - Plus Marker Pressed
2020-04-21T15:52:11.887 - PrinCad end execution
2020-04-21T16:08:13.449 - PrinCad begin execution
2020-04-21T16:08:13.665 - AppStyles.css does not exist
2020-04-21T16:08:15.521 - Box Marker Selected
2020-04-21T16:08:16.866 - Circle Tool Selected
2020-04-21T16:08:20.218 - PrinCad end execution
2020-04-21T16:11:04.182 - PrinCad begin execution
2020-04-21T16:11:04.379 - AppStyles.css does not exist
2020-04-21T16:11:05.475 - Box Marker Selected
2020-04-21T16:11:06.816 - Square Tool Selected
2020-04-21T16:11:09.223 - PrinCad end execution
2020-04-21T16:13:34.899 - PrinCad begin execution
2020-04-21T16:13:35.116 - AppStyles.css does not exist
2020-04-21T16:13:36.723 - Box Marker Selected
2020-04-21T16:13:37.985 - Circle Tool Selected
2020-04-21T16:13:41.105 - Line Tool Used
2020-04-21T16:13:43.435 - Box Marker Selected
2020-04-21T16:13:47.276 - PrinCad end execution
2020-04-21T16:15:34.803 - PrinCad begin execution
2020-04-21T16:15:34.999 - AppStyles.css does not exist
2020-04-21T16:15:36.425 - Box Marker Selected
2020-04-21T16:15:38.485 - Circle Tool Selected
2020-04-21T16:15:41.566 - 3d View Button Pressed
2020-04-21T16:22:30.08 - PrinCad begin execution
2020-04-21T16:22:30.256 - AppStyles.css does not exist
2020-04-21T16:22:31.394 - Box Marker Selected
2020-04-21T16:22:32.81 - 3d View Button Pressed
2020-04-21T16:22:42.265 - Box Marker Selected
2020-04-21T16:22:43.776 - 3d View Button Pressed
2020-04-21T16:22:51.887 - PrinCad end execution
2020-04-23T13:58:15.047 - PrinCad begin execution
2020-04-23T13:58:15.26 - AppStyles.css does not exist
2020-04-23T13:58:16.844 - Crisscross Marker Pressed
2020-04-23T13:58:19.35 - 3d View Button Pressed
2020-04-23T14:00:48.222 - PrinCad begin execution
2020-04-23T14:00:48.407 - AppStyles.css does not exist
2020-04-23T14:00:51.85 - Crisscross Marker Pressed
2020-04-23T14:00:53.182 - 3d View Button Pressed
2020-04-23T14:01:42.475 - Circle Tool Selected
2020-04-23T14:01:56.895 - PrinCad end execution
2020-04-23T14:01:59.766 - Line Tool Used
2020-04-23T14:02:23.299 - PrinCad begin execution
2020-04-23T14:02:23.487 - AppStyles.css does not exist
2020-04-23T14:02:26.253 - PrinCad end execution
2020-04-23T14:02:30.492 - Circle Tool Selected
2020-04-23T14:02:37.92 - Crisscross Marker Pressed
2020-04-23T14:02:42.097 - PrinCad end execution
2020-04-23T14:11:06.4 - PrinCad begin execution
2020-04-23T14:11:06.586 - AppStyles.css does not exist
2020-04-23T14:11:11.181 - Crisscross Marker Pressed
2020-04-23T14:11:17.223 - Delete Button Pressed
2020-04-23T14:11:20.203 - Crisscross Marker Pressed
2020-04-23T14:11:21.727 - 3d View Button Pressed
2020-04-23T14:11:27.355 - 3d View Button Pressed
2020-04-23T14:11:32.35 - PrinCad end execution
2020-04-23T14:14:03.206 - PrinCad begin execution
2020-04-23T14:14:03.418 - AppStyles.css does not exist
2020-04-23T14:14:05.525 - Plus Marker Pressed
2020-04-23T14:14:07.217 - PrinCad end execution
2020-04-23T14:43:34.733 - PrinCad begin execution
2020-04-23T14:43:34.916 - AppStyles.css does not exist
2020-04-23T14:43:38.755 - Plus Marker Pressed
2020-04-23T14:43:40.415 - 3d View Button Pressed
2020-04-23T14:43:41.997 - PrinCad end execution
2020-04-23T14:44:19.323 - PrinCad begin execution
2020-04-23T14:44:19.511 - AppStyles.css does not exist
2020-04-23T14:44:21.183 - Plus Marker Pressed
2020-04-23T14:44:22.899 - 3d View Button Pressed
2020-04-23T14:44:44.297 - 3d View Button Pressed
2020-04-23T14:44:49.288 - PrinCad end execution
2020-04-23T14:45:07.764 - PrinCad begin execution
2020-04-23T14:45:07.947 - AppStyles.css does not exist
2020-04-23T14:45:09.841 - Plus Marker Pressed
2020-04-23T14:45:11.225 - 3d View Button Pressed
2020-04-23T14:45:17.155 - PrinCad end execution
2020-04-23T14:46:04.276 - PrinCad begin execution
2020-04-23T14:46:04.462 - AppStyles.css does not exist
2020-04-23T14:46:05.914 - Plus Marker Pressed
2020-04-23T14:46:07.726 - 3d View Button Pressed
2020-04-23T14:46:35.425 - PrinCad end execution
2020-04-23T14:47:12.701 - PrinCad begin execution
2020-04-23T14:47:12.888 - AppStyles.css does not exist
2020-04-23T14:47:14.908 - Plus Marker Pressed
2020-04-23T14:47:16.071 - 3d View Button Pressed
2020-04-23T14:47:38.825 - PrinCad end execution
2020-04-23T14:47:55.342 - PrinCad begin execution
2020-04-23T14:47:55.56 - AppStyles.css does not exist
2020-04-23T14:47:58.253 - Crisscross Marker Pressed
2020-04-23T14:47:59.635 - 3d View Button Pressed
2020-04-23T14:48:14.594 - PrinCad end execution
2020-04-23T15:08:48.196 - PrinCad begin execution
2020-04-23T15:08:48.382 - AppStyles.css does not exist
2020-04-23T15:08:55.567 - PrinCad end execution
2020-04-25T16:06:49.56 - PrinCad begin execution
2020-04-25T16:06:49.768 - AppStyles.css does not exist
2020-04-25T16:06:51.925 - Circle Tool Selected
2020-04-25T16:06:54.853 - Line Tool Used
2020-04-25T16:07:02.232 - Line Tool Used
2020-04-25T16:07:04.884 - Circle Tool Selected
2020-04-25T16:07:09.898 - Line Tool Used
2020-04-25T16:07:12.363 - Line Tool Used
2020-04-25T16:07:21.312 - 3d View Button Pressed
2020-04-25T16:07:37.24 - Undo Button Pressed
2020-04-25T16:07:37.467 - Undo Button Pressed
2020-04-25T16:07:37.628 - Undo Button Pressed
2020-04-25T16:07:37.796 - Undo Button Pressed
2020-04-25T16:07:37.964 - Undo Button Pressed
2020-04-25T16:07:38.115 - Undo Button Pressed
2020-04-25T16:07:38.256 - Undo Button Pressed
2020-04-25T16:07:38.412 - Undo Button Pressed
2020-04-25T16:07:39.362 - Square Tool Selected
2020-04-25T16:07:41.153 - 3d View Button Pressed
2020-04-25T16:07:52.211 - PrinCad end execution
2020-04-28T13:55:42.18 - PrinCad begin execution
2020-04-28T13:55:42.694 - AppStyles.css does not exist
2020-04-28T13:55:45.775 - Line Tool Used
2020-04-28T13:55:47.426 - 3d View Button Pressed
2020-04-28T13:56:00.429 - Square Tool Selected
2020-04-28T13:56:02.775 - 3d View Button Pressed
2020-04-28T13:56:22.092 - PrinCad end execution
2020-04-28T13:59:58.486 - PrinCad begin execution
2020-04-28T13:59:58.8 - AppStyles.css does not exist
2020-04-28T14:00:00.423 - Properties Button Pressed
2020-04-28T14:00:05.246 - PrinCad end execution
2020-04-28T14:19:02.802 - PrinCad begin execution
2020-04-28T14:19:03.227 - AppStyles.css does not exist
2020-04-28T14:19:05.842 - Properties Button Pressed
2020-04-28T14:19:18.764 - PrinCad end execution
2020-04-28T14:20:29.24 - PrinCad begin execution
2020-04-28T14:20:29.723 - AppStyles.css does not exist
2020-04-28T14:20:46.231 - Properties Button Pressed
2020-04-28T14:20:53.118 - PrinCad begin execution
2020-04-28T14:20:53.599 - AppStyles.css does not exist
2020-04-28T14:21:11.88 - Properties Button Pressed
2020-04-28T14:21:42.513 - PrinCad begin execution
2020-04-28T14:21:42.98 - AppStyles.css does not exist
2020-04-28T14:21:55.976 - Properties Button Pressed
2020-04-28T14:26:35.402 - PrinCad begin execution
2020-04-28T14:26:35.854 - AppStyles.css does not exist
2020-04-28T14:26:42.117 - Properties Button Pressed
2020-04-28T14:30:17.247 - PrinCad begin execution
2020-04-28T14:30:17.815 - AppStyles.css does not exist
2020-04-28T14:30:19.948 - Properties Button Pressed
2020-04-28T14:30:23.506 - PrinCad end execution
2020-04-28T14:30:32.423 - PrinCad begin execution
2020-04-28T14:30:32.821 - AppStyles.css does not exist
2020-04-28T14:30:34.655 - Properties Button Pressed
2020-04-28T14:30:38.453 - PrinCad end execution
2020-04-28T14:50:33.709 - PrinCad begin execution
2020-04-28T14:50:34.316 - AppStyles.css does not exist
2020-04-28T14:50:36.963 - Line Tool Used
2020-04-28T14:50:39.415 - 3d View Button Pressed
2020-04-28T14:50:49.486 - Toggle Selection Button Pressed
2020-04-28T14:50:51.742 - Properties Button Pressed
2020-04-28T14:50:59.469 - 3d View Button Pressed
2020-04-28T14:51:05.583 - PrinCad end execution
2020-04-28T14:51:31.999 - PrinCad begin execution
2020-04-28T14:51:32.503 - AppStyles.css does not exist
2020-04-28T14:51:56.165 - Circle Tool Selected
2020-04-28T14:51:56.77 - Circle Tool Selected
2020-04-28T14:51:58.68 - Toggle Selection Button Pressed
2020-04-28T14:52:00.976 - 3d View Button Pressed
2020-04-28T14:52:09.533 - Properties Button Pressed
2020-04-28T14:52:16.207 - 3d View Button Pressed
2020-04-28T14:52:25.037 - PrinCad end execution
2020-04-28T14:54:31.352 - PrinCad begin execution
2020-04-28T14:54:32.102 - AppStyles.css does not exist
2020-04-28T14:54:33.944 - Circle Tool Selected
2020-04-28T14:54:35.406 - Toggle Selection Button Pressed
2020-04-28T14:54:38.369 - 3d View Button Pressed
2020-04-28T14:54:47.849 - Properties Button Pressed
2020-04-28T14:54:57.155 - 3d View Button Pressed
2020-04-28T14:55:02.301 - PrinCad end execution
2020-04-28T15:00:13.434 - PrinCad begin execution
2020-04-28T15:00:13.893 - AppStyles.css does not exist
2020-04-28T15:00:16.198 - Circle Tool Selected
2020-04-28T15:00:18.386 - Toggle Selection Button Pressed
2020-04-28T15:00:19.722 - 3d View Button Pressed
2020-04-28T15:00:26.331 - Properties Button Pressed
2020-04-28T15:00:32.869 - 3d View Button Pressed
2020-04-28T15:01:14.132 - Line Tool Used
2020-04-28T15:01:19.88 - Square Tool Selected
2020-04-28T15:01:22.903 - 3d View Button Pressed
2020-04-28T15:01:32.265 - Properties Button Pressed
2020-04-28T15:01:39.723 - 3d View Button Pressed
2020-04-28T15:01:55.339 - Properties Button Pressed
2020-04-28T15:01:57.824 - 3d View Button Pressed
2020-04-28T15:02:06.675 - PrinCad end execution
2020-04-28T15:12:43.256 - PrinCad begin execution
2020-04-28T15:12:44.12 - AppStyles.css does not exist
2020-04-28T15:12:50.158 - Circle Tool Selected
2020-04-28T15:12:52.222 - Square Tool Selected
2020-04-28T15:12:54.357 - Line Tool Used
2020-04-28T15:12:58.981 - Toggle Selection Button Pressed
2020-04-28T15:13:04.909 - Toggle Selection Button Pressed
2020-04-28T15:13:08.379 - Properties Button Pressed
2020-04-28T15:13:19.251 - 3d View Button Pressed
2020-04-28T15:14:00.685 - Properties Button Pressed
2020-04-28T15:14:07.141 - Properties Button Pressed
2020-04-28T15:14:09.391 - 3d View Button Pressed
2020-04-28T15:14:24.179 - Properties Button Pressed
2020-04-28T15:14:29.405 - 3d View Button Pressed
2020-04-28T15:14:34.607 - PrinCad end execution
2020-04-28T15:14:56.438 - PrinCad begin execution
2020-04-28T15:14:57.054 - AppStyles.css does not exist
2020-04-28T15:15:01.547 - Line Tool Used
2020-04-28T15:15:05.454 - Circle Tool Selected
2020-04-28T15:15:09.781 - Undo Button Pressed
2020-04-28T15:15:10.811 - Circle Tool Selected
2020-04-28T15:15:13.181 - Square Tool Selected
2020-04-28T15:15:15.457 - 3d View Button Pressed
2020-04-28T15:15:31.854 - Properties Button Pressed
2020-04-28T15:15:37.341 - 3d View Button Pressed
2020-04-28T15:16:20.652 - PrinCad end execution
2020-04-28T15:17:06.859 - PrinCad begin execution
2020-04-28T15:17:07.51 - AppStyles.css does not exist
2020-04-28T15:17:09.481 - Square Tool Selected
2020-04-28T15:17:10.948 - Square Tool Selected
2020-04-28T15:17:18.885 - Toggle Selection Button Pressed
2020-04-28T15:17:22.314 - Toggle Selection Button Pressed
2020-04-28T15:17:25.294 - Properties Button Pressed
2020-04-28T15:17:40.519 - Handle Save File Event
2020-04-28T15:18:02.504 - PrinCad end execution
2020-04-28T15:29:29.939 - PrinCad begin execution
2020-04-28T15:29:30.404 - AppStyles.css does not exist
2020-04-28T15:29:33.238 - Handle Open File Event
2020-04-28T15:29:44.035 -  java.lang.NumberFormatException: empty String
2020-04-28T15:29:44.082 - Redo Button Pressed
2020-04-28T15:29:46.301 - Redo Button Pressed
2020-04-28T15:29:59.94 - PrinCad end execution
2020-04-28T15:30:03.038 - PrinCad begin execution
2020-04-28T15:30:03.319 - AppStyles.css does not exist
2020-04-28T15:30:09.805 - Handle Open File Event
2020-04-28T15:30:21.848 -  java.lang.NumberFormatException: empty String
2020-04-28T15:30:26.978 - PrinCad end execution
2020-04-28T15:30:36.42 - PrinCad begin execution
2020-04-28T15:30:36.99 - AppStyles.css does not exist
2020-04-28T15:30:39.568 - Handle Open File Event
2020-04-28T15:30:49.191 - PrinCad end execution
2020-04-28T15:31:37.371 - PrinCad begin execution
2020-04-28T15:31:37.851 - AppStyles.css does not exist
2020-04-28T15:31:39.799 - Handle Open File Event
2020-04-28T15:31:56.725 - PrinCad begin execution
2020-04-28T15:31:57.133 - AppStyles.css does not exist
2020-04-28T15:32:00.575 - Handle Open File Event
2020-04-28T15:32:04.872 -  java.lang.NumberFormatException: empty String
2020-04-28T15:32:40.727 - Handle Open File Event
2020-04-28T15:32:44.368 -  java.lang.NumberFormatException: empty String
2020-04-28T15:32:47.52 - PrinCad end execution
2020-04-28T15:34:59.945 - PrinCad begin execution
2020-04-28T15:35:00.515 - AppStyles.css does not exist
2020-04-28T15:35:04.295 - Handle New File Event
2020-04-28T15:35:05.104 - Handle Open File Event
2020-04-28T15:35:14.381 -  java.lang.NumberFormatException: empty String
2020-04-28T15:35:37.024 - PrinCad begin execution
2020-04-28T15:35:37.411 - AppStyles.css does not exist
2020-04-28T15:35:39.089 - Handle Open File Event
2020-04-28T15:35:42.944 -  java.lang.NumberFormatException: empty String
2020-04-28T15:35:46.79 - PrinCad end execution
2020-04-28T15:36:20.619 - PrinCad begin execution
2020-04-28T15:36:20.911 - AppStyles.css does not exist
2020-04-28T15:36:22.318 - Handle Open File Event
2020-04-28T15:36:27.855 - PrinCad end execution
2020-04-28T15:39:45.934 - PrinCad end execution
2020-04-28T15:39:48.577 - PrinCad end execution
2020-04-28T15:41:43.339 - PrinCad begin execution
2020-04-28T15:41:43.806 - AppStyles.css does not exist
2020-04-28T15:41:45.676 - Handle Open File Event
2020-04-28T15:41:49.384 -  java.lang.NumberFormatException: empty String
2020-04-28T15:42:00.446 - PrinCad end execution
2020-04-28T15:42:29.946 - PrinCad begin execution
2020-04-28T15:42:30.477 - AppStyles.css does not exist
2020-04-28T15:42:32.46 - Handle Open File Event
2020-04-28T15:42:36.025 -  java.lang.NumberFormatException: empty String
2020-04-28T15:42:37.414 - PrinCad end execution
2020-04-28T15:44:20.514 - PrinCad begin execution
2020-04-28T15:44:20.969 - AppStyles.css does not exist
2020-04-28T15:44:23.376 - Handle Open File Event
2020-04-28T15:44:27.055 -  java.lang.NumberFormatException: empty String
2020-04-28T15:44:28.539 - PrinCad end execution
2020-04-28T15:44:45.356 - PrinCad begin execution
2020-04-28T15:44:45.961 - AppStyles.css does not exist
2020-04-28T15:44:47.581 - Handle Open File Event
2020-04-28T15:44:51.505 -  java.lang.NumberFormatException: empty String
2020-04-28T15:44:54.106 - PrinCad end execution
2020-04-28T15:45:27.204 - PrinCad begin execution
2020-04-28T15:45:27.753 - AppStyles.css does not exist
2020-04-28T15:45:29.551 - Handle Open File Event
2020-04-28T15:48:47.156 - PrinCad begin execution
2020-04-28T15:48:47.585 - AppStyles.css does not exist
2020-04-28T15:48:49.259 - Handle Open File Event
2020-04-28T15:48:59.89 - PrinCad end execution
2020-04-28T15:49:17.756 - PrinCad begin execution
2020-04-28T15:49:18.688 - AppStyles.css does not exist
2020-04-28T15:49:21.111 - Handle Open File Event
2020-04-28T15:49:30.39 - PrinCad end execution
2020-04-28T15:49:34.883 - PrinCad begin execution
2020-04-28T15:49:35.363 - AppStyles.css does not exist
2020-04-28T15:49:36.734 - Handle Open File Event
2020-04-28T15:49:46.893 - PrinCad end execution
2020-04-28T15:50:13.752 - PrinCad begin execution
2020-04-28T15:50:14.236 - AppStyles.css does not exist
2020-04-28T15:50:15.951 - Handle Open File Event
2020-04-28T15:54:03.359 - PrinCad begin execution
2020-04-28T15:54:03.976 - AppStyles.css does not exist
2020-04-28T15:54:10.557 - PrinCad end execution
2020-04-28T15:54:12.798 - PrinCad begin execution
2020-04-28T15:54:13.616 - AppStyles.css does not exist
2020-04-28T15:54:16.936 - Square Tool Selected
2020-04-28T15:54:18.544 - Square Tool Selected
2020-04-28T15:54:21.273 - Toggle Selection Button Pressed
2020-04-28T15:54:24.499 - Toggle Selection Button Pressed
2020-04-28T15:54:27.312 - Properties Button Pressed
2020-04-28T15:54:32.632 - Handle Save File Event
2020-04-28T15:54:47.094 - PrinCad end execution
2020-04-28T15:55:21.114 - PrinCad begin execution
2020-04-28T15:55:21.552 - AppStyles.css does not exist
2020-04-28T15:55:22.821 - Handle Open File Event
2020-04-28T15:55:29.112 - 3d View Button Pressed
2020-04-28T15:55:40.401 - PrinCad end execution
2020-04-28T16:02:16.042 - PrinCad begin execution
2020-04-28T16:02:16.385 - AppStyles.css does not exist
2020-04-28T16:02:18.134 - Circle Tool Selected
2020-04-28T16:02:19.757 - Circle Tool Selected
2020-04-28T16:02:24.719 - Toggle Selection Button Pressed
2020-04-28T16:02:28.36 - Properties Button Pressed
2020-04-28T16:02:34.302 - Handle Open File Event
2020-04-28T16:02:55.197 -  java.lang.NullPointerException
2020-04-28T16:02:55.205 - Handle Open File Event
2020-04-28T16:03:03.72 -  java.lang.NullPointerException
2020-04-28T16:03:03.733 - Handle Save File Event
2020-04-28T16:03:22.515 - PrinCad end execution
2020-04-28T16:03:24.913 - PrinCad begin execution
2020-04-28T16:03:25.4 - AppStyles.css does not exist
2020-04-28T16:03:27.15 - Handle Open File Event
2020-04-28T16:03:34.276 - PrinCad end execution
2020-04-28T16:05:22.397 - PrinCad begin execution
2020-04-28T16:05:22.821 - AppStyles.css does not exist
2020-04-28T16:05:24.46 - Line Tool Used
2020-04-28T16:05:26.673 - Line Tool Used
2020-04-28T16:05:28.645 - Toggle Selection Button Pressed
2020-04-28T16:05:32.83 - Properties Button Pressed
2020-04-28T16:05:43.041 - Handle Save File Event
2020-04-28T16:06:02.078 - PrinCad end execution
2020-04-28T16:06:04.53 - PrinCad begin execution
2020-04-28T16:06:05.427 - AppStyles.css does not exist
2020-04-28T16:06:08.282 - Handle Open File Event
2020-04-28T16:06:18.251 - PrinCad end execution
